\BOOKMARK [1][-]{section.1}{\376\377\000C\000\364\000n\000g\000\040\000t\000h\036\351\000c\000\040\000x\000\341\000c\000\040\000s\000u\036\245\000t}{}% 1
\BOOKMARK [2][-]{subsection.1.1}{\376\377\000K\000i\036\277\000n\000\040\000t\000h\036\351\000c\000\040\000c\001\241\000\040\000b\036\243\000n}{section.1}% 2
\BOOKMARK [2][-]{subsection.1.2}{\376\377\000X\000\341\000c\000\040\000s\000u\036\245\000t\000\040\000c\000\363\000\040\001\021\000i\036\301\000u\000\040\000k\000i\036\307\000n}{section.1}% 3
\BOOKMARK [2][-]{subsection.1.3}{\376\377\000C\000\364\000n\000g\000\040\000t\000h\036\351\000c\000\040\000B\000e\000r\000n\000o\000u\000l\000l\000i}{section.1}% 4
\BOOKMARK [1][-]{section.2}{\376\377\000H\000\340\000m\000\040\000p\000h\000\342\000n\000\040\000p\000h\036\321\000i\000\040\000x\000\341\000c\000\040\000s\000u\036\245\000t\000,\000\040\000h\000\340\000m\000\040\000m\036\255\000t\000\040\001\021\036\331\000\040\000x\000\341\000c\000\040\000s\000u\036\245\000t}{}% 5
\BOOKMARK [2][-]{subsection.2.1}{\376\377\000H\000\340\000m\000\040\000p\000h\000\342\000n\000\040\000p\000h\036\321\000i\000\040\000x\000\341\000c\000\040\000s\000u\036\245\000t}{section.2}% 6
\BOOKMARK [2][-]{subsection.2.2}{\376\377\000H\000\340\000m\000\040\000m\036\255\000t\000\040\001\021\036\331\000\040\000x\000\341\000c\000\040\000s\000u\036\245\000t}{section.2}% 7
\BOOKMARK [1][-]{section.3}{\376\377\000C\000\341\000c\000\040\000p\000h\000\342\000n\000\040\000p\000h\036\321\000i\000\040\000x\000\341\000c\000\040\000s\000u\036\245\000t\000\040\000t\000h\001\260\036\335\000n\000g\000\040\000g\036\267\000p}{}% 8
\BOOKMARK [2][-]{subsection.3.1}{\376\377\000P\000h\000\342\000n\000\040\000p\000h\036\321\000i\000\040\000n\000h\036\313\000\040\000t\000h\036\351\000c}{section.3}% 9
\BOOKMARK [2][-]{subsection.3.2}{\376\377\000P\000h\000\342\000n\000\040\000p\000h\036\321\000i\000\040\000s\000i\000\352\000u\000\040\000b\036\331\000i}{section.3}% 10
\BOOKMARK [2][-]{subsection.3.3}{\376\377\000P\000h\000\342\000n\000\040\000p\000h\036\321\000i\000\040\000P\000o\000i\000s\000s\000o\000n}{section.3}% 11
\BOOKMARK [2][-]{subsection.3.4}{\376\377\000P\000h\000\342\000n\000\040\000p\000h\036\321\000i\000\040\000c\000h\000u\036\251\000n}{section.3}% 12
\BOOKMARK [1][-]{section.4}{\376\377\000V\000e\000c\000t\000o\000r\000\040\000n\000g\036\253\000u\000\040\000n\000h\000i\000\352\000n}{}% 13
\BOOKMARK [2][-]{subsection.4.1}{\376\377\000V\000e\000c\000t\000o\000r\000\040\000n\000g\036\253\000u\000\040\000n\000h\000i\000\352\000n\000\040\000r\036\335\000i\000\040\000r\036\241\000c}{section.4}% 14
\BOOKMARK [2][-]{subsection.4.2}{\376\377\000V\000e\000c\000t\000o\000r\000\040\000n\000g\036\253\000u\000\040\000n\000h\000i\000\352\000n\000\040\000l\000i\000\352\000n\000\040\000t\036\345\000c}{section.4}% 15
\BOOKMARK [1][-]{section.5}{\376\377\000T\000h\036\321\000n\000g\000\040\000k\000\352}{}% 16
\BOOKMARK [2][-]{subsection.5.1}{\376\377\000K\000i\036\277\000n\000\040\000t\000h\036\351\000c\000\040\000c\001\241\000\040\000b\036\243\000n}{section.5}% 17
\BOOKMARK [2][-]{subsection.5.2}{\376\377\000T\000\354\000m\000\040\000k\000h\000o\036\243\000n\000g\000\040\001\260\036\333\000c\000\040\000l\001\260\036\343\000n\000g\000\040\000c\000h\000o\000\040\000t\000r\000u\000n\000g\000\040\000b\000\354\000n\000h\000\040\000q\000u\036\247\000n\000\040\000t\000h\036\303\000\040\000k\000h\000i\000\040\000\040\001\021\000\343\000\040\000b\000i\036\277\000t}{section.5}% 18
\BOOKMARK [2][-]{subsection.5.3}{\376\377\000T\000\354\000m\000\040\000k\000h\000o\036\243\000n\000g\000\040\001\260\036\333\000c\000\040\000l\001\260\036\343\000n\000g\000\040\000c\000h\000o\000\040\000t\000r\000u\000n\000g\000\040\000b\000\354\000n\000h\000\040\000q\000u\036\247\000n\000\040\000t\000h\036\303\000\040\000k\000h\000i\000\040\000\040\000c\000h\001\260\000a\000\040\000b\000i\036\277\000t}{section.5}% 19
\BOOKMARK [2][-]{subsection.5.4}{\376\377\000T\000\354\000m\000\040\000k\000h\000o\036\243\000n\000g\000\040\000t\000i\000n\000\040\000c\036\255\000y}{section.5}% 20
\BOOKMARK [1][-]{section.6}{\376\377\000K\000i\036\303\000m\000\040\001\021\036\313\000n\000h\000\040\000g\000i\036\243\000\040\000t\000h\000u\000y\036\277\000t}{}% 21
\BOOKMARK [2][-]{subsection.6.1}{\376\377\000S\000o\000\040\000s\000\341\000n\000h\000\040\000t\036\311\000\040\000l\036\307\000\040\000t\036\325\000n\000g\000\040\000t\000h\036\303\000\040\000v\036\333\000i\000\040\000t\036\311\000\040\000l\036\307\000\040\000m\036\253\000u}{section.6}% 22
\BOOKMARK [2][-]{subsection.6.2}{\376\377\000K\000i\036\303\000m\000\040\000t\000r\000a\000\040\000m\036\331\000t\000\040\000p\000h\000\355\000a}{section.6}% 23
\BOOKMARK [2][-]{subsection.6.3}{\376\377\001\020\036\321\000i\000\040\000v\036\333\000i\000\040\000t\000r\000u\000n\000g\000\040\000b\000\354\000n\000h\000\040\000m\036\253\000u}{section.6}% 24
\BOOKMARK [1][-]{section.7}{\376\377\000C\000\341\000c\000\040\000d\036\241\000n\000g\000\040\000t\000o\000\341\000n\000\040\000t\000h\001\260\036\335\000n\000g\000\040\000g\036\267\000p}{}% 25
\BOOKMARK [2][-]{subsection.7.1}{\376\377\000D\000\340\000n\000\040\000\375\000\040\000g\000i\036\243\000i\000\040\0001\000\040\000b\000\340\000i\000\040\000t\000o\000\341\000n\000\040\000b\036\245\000t\000\040\000k\036\363}{section.7}% 26
\BOOKMARK [2][-]{subsection.7.2}{\376\377\000D\036\245\000u\000\040\000h\000i\036\307\000u\000\040\000c\036\347\000a\000\040\000c\000\341\000c\000\040\000p\000h\000\342\000n\000\040\000p\000h\036\321\000i}{section.7}% 27
\BOOKMARK [2][-]{subsection.7.3}{\376\377\000M\036\331\000t\000\040\000s\036\321\000\040\000v\000\355\000\040\000d\036\345}{section.7}% 28
\BOOKMARK [1][-]{section.8}{\376\377\000B\036\243\000n\000g\000\040\000g\000i\000\341\000\040\000t\000r\036\313}{}% 29
